<?xml version="1.0" encoding="utf-8" standalone="no"?>
<!--This file represents the results of running a test suite-->
<test-results name="U:\Visual Studio 2012\Projects\RomanNumerals\RomanNumeralsTest\bin\Debug\RomanNumeralsTest.dll" total="12" errors="0" failures="0" not-run="0" inconclusive="0" ignored="0" skipped="0" invalid="0" date="2015-05-19" time="08:43:41">
  <environment nunit-version="2.6.4.14350" clr-version="2.0.50727.5485" os-version="Microsoft Windows NT 6.1.7601 Service Pack 1" platform="Win32NT" cwd="C:\Program Files (x86)\NUnit 2.6.4\bin" machine-name="PEG-PC-006967" user="mclarkson" user-domain="INSURANCE" />
  <culture-info current-culture="en-GB" current-uiculture="en-US" />
  <test-suite type="Assembly" name="U:\Visual Studio 2012\Projects\RomanNumerals\RomanNumeralsTest\bin\Debug\RomanNumeralsTest.dll" executed="True" result="Success" success="True" time="0.110" asserts="0">
    <results>
      <test-suite type="Namespace" name="RomanNumeralsTest" executed="True" result="Success" success="True" time="0.096" asserts="0">
        <results>
          <test-suite type="TestFixture" name="ConvertNumberTest" executed="True" result="Success" success="True" time="0.094" asserts="0">
            <results>
              <test-case name="RomanNumeralsTest.ConvertNumberTest.ItShouldConvertEightIntoVIII" executed="True" result="Success" success="True" time="0.066" asserts="1" />
              <test-case name="RomanNumeralsTest.ConvertNumberTest.ItShouldConvertFIftyIntoL" executed="True" result="Success" success="True" time="0.002" asserts="1" />
              <test-case name="RomanNumeralsTest.ConvertNumberTest.ItShouldConvertFiveIntoV" executed="True" result="Success" success="True" time="0.000" asserts="1" />
              <test-case name="RomanNumeralsTest.ConvertNumberTest.ItShouldConvertFourIntoIV" executed="True" result="Success" success="True" time="0.000" asserts="1" />
              <test-case name="RomanNumeralsTest.ConvertNumberTest.ItShouldConvertNineIntoIX" executed="True" result="Success" success="True" time="0.000" asserts="1" />
              <test-case name="RomanNumeralsTest.ConvertNumberTest.ItShouldConvertOneIntoI" executed="True" result="Success" success="True" time="0.000" asserts="1" />
              <test-case name="RomanNumeralsTest.ConvertNumberTest.ItShouldConvertOneThousandIntoM" executed="True" result="Success" success="True" time="0.000" asserts="1" />
              <test-case name="RomanNumeralsTest.ConvertNumberTest.ItShouldConvertSevenIntoVII" executed="True" result="Success" success="True" time="0.000" asserts="1" />
              <test-case name="RomanNumeralsTest.ConvertNumberTest.ItShouldConvertSixIntoVI" executed="True" result="Success" success="True" time="0.000" asserts="1" />
              <test-case name="RomanNumeralsTest.ConvertNumberTest.ItShouldConvertTenIntoX" executed="True" result="Success" success="True" time="0.000" asserts="1" />
              <test-case name="RomanNumeralsTest.ConvertNumberTest.ItShouldConvertThreeIntoIII" executed="True" result="Success" success="True" time="0.000" asserts="1" />
              <test-case name="RomanNumeralsTest.ConvertNumberTest.ItShouldConvertTwoIntoII" executed="True" result="Success" success="True" time="0.000" asserts="1" />
            </results>
          </test-suite>
        </results>
      </test-suite>
    </results>
  </test-suite>
</test-results>